The system is: Windows - 10.0.26200 - AMD64
Compiling the C compiler identification source file "CMakeCCompilerId.c" succeeded.
Compiler: C:/Program Files/Microsoft Visual Studio/2022/Community/VC/Tools/MSVC/14.34.31933/bin/Hostx64/x64/cl.exe 
Build flags: 
Id flags:  

The output was:
0
Microsoft (R) C/C++ Optimizing Compiler Version 19.34.31933 for x64
Copyright (C) Microsoft Corporation.  All rights reserved.

CMakeCCompilerId.c
Microsoft (R) Incremental Linker Version 14.34.31933.0
Copyright (C) Microsoft Corporation.  All rights reserved.

/out:CMakeCCompilerId.exe 
CMakeCCompilerId.obj 


Compilation of the C compiler identification source "CMakeCCompilerId.c" produced "CMakeCCompilerId.exe"

Compilation of the C compiler identification source "CMakeCCompilerId.c" produced "CMakeCCompilerId.obj"

The C compiler identification is MSVC, found in "C:/Users/jason/SETSET09121-Games-Engineering/out/build/x64-Debug/CMakeFiles/3.24.202208181-MSVC_2/CompilerIdC/CMakeCCompilerId.exe"

Compiling the CXX compiler identification source file "CMakeCXXCompilerId.cpp" succeeded.
Compiler: C:/Program Files/Microsoft Visual Studio/2022/Community/VC/Tools/MSVC/14.34.31933/bin/Hostx64/x64/cl.exe 
Build flags: 
Id flags:  

The output was:
0
Microsoft (R) C/C++ Optimizing Compiler Version 19.34.31933 for x64
Copyright (C) Microsoft Corporation.  All rights reserved.

CMakeCXXCompilerId.cpp
Microsoft (R) Incremental Linker Version 14.34.31933.0
Copyright (C) Microsoft Corporation.  All rights reserved.

/out:CMakeCXXCompilerId.exe 
CMakeCXXCompilerId.obj 


Compilation of the CXX compiler identification source "CMakeCXXCompilerId.cpp" produced "CMakeCXXCompilerId.exe"

Compilation of the CXX compiler identification source "CMakeCXXCompilerId.cpp" produced "CMakeCXXCompilerId.obj"

The CXX compiler identification is MSVC, found in "C:/Users/jason/SETSET09121-Games-Engineering/out/build/x64-Debug/CMakeFiles/3.24.202208181-MSVC_2/CompilerIdCXX/CMakeCXXCompilerId.exe"

Detecting C compiler ABI info compiled with the following output:
Change Dir: C:/Users/jason/SETSET09121-Games-Engineering/out/build/x64-Debug/CMakeFiles/CMakeTmp

Run Build Command(s):C:/Program Files/Microsoft Visual Studio/2022/Community/Common7/IDE/CommonExtensions/Microsoft/CMake/Ninja/ninja.exe cmTC_3ad59 && [1/2] Building C object CMakeFiles\cmTC_3ad59.dir\CMakeCCompilerABI.c.obj
[2/2] Linking C executable cmTC_3ad59.exe



Detecting CXX compiler ABI info compiled with the following output:
Change Dir: C:/Users/jason/SETSET09121-Games-Engineering/out/build/x64-Debug/CMakeFiles/CMakeTmp

Run Build Command(s):C:/Program Files/Microsoft Visual Studio/2022/Community/Common7/IDE/CommonExtensions/Microsoft/CMake/Ninja/ninja.exe cmTC_ae49b && [1/2] Building CXX object CMakeFiles\cmTC_ae49b.dir\CMakeCXXCompilerABI.cpp.obj
[2/2] Linking CXX executable cmTC_ae49b.exe



Determining if the include file sys/types.h exists passed with the following output:
Change Dir: C:/Users/jason/SETSET09121-Games-Engineering/out/build/x64-Debug/CMakeFiles/CMakeTmp

Run Build Command(s):C:/Program Files/Microsoft Visual Studio/2022/Community/Common7/IDE/CommonExtensions/Microsoft/CMake/Ninja/ninja.exe cmTC_7e5fe && [1/2] Building C object CMakeFiles\cmTC_7e5fe.dir\CheckIncludeFile.c.obj
[2/2] Linking C executable cmTC_7e5fe.exe



Determining if the include file stdint.h exists passed with the following output:
Change Dir: C:/Users/jason/SETSET09121-Games-Engineering/out/build/x64-Debug/CMakeFiles/CMakeTmp

Run Build Command(s):C:/Program Files/Microsoft Visual Studio/2022/Community/Common7/IDE/CommonExtensions/Microsoft/CMake/Ninja/ninja.exe cmTC_47bf6 && [1/2] Building C object CMakeFiles\cmTC_47bf6.dir\CheckIncludeFile.c.obj
[2/2] Linking C executable cmTC_47bf6.exe



Determining if the include file stddef.h exists passed with the following output:
Change Dir: C:/Users/jason/SETSET09121-Games-Engineering/out/build/x64-Debug/CMakeFiles/CMakeTmp

Run Build Command(s):C:/Program Files/Microsoft Visual Studio/2022/Community/Common7/IDE/CommonExtensions/Microsoft/CMake/Ninja/ninja.exe cmTC_5d7ba && [1/2] Building C object CMakeFiles\cmTC_5d7ba.dir\CheckIncludeFile.c.obj
[2/2] Linking C executable cmTC_5d7ba.exe



Determining size of void* passed with the following output:
Change Dir: C:/Users/jason/SETSET09121-Games-Engineering/out/build/x64-Debug/CMakeFiles/CMakeTmp

Run Build Command(s):C:/Program Files/Microsoft Visual Studio/2022/Community/Common7/IDE/CommonExtensions/Microsoft/CMake/Ninja/ninja.exe cmTC_6ec78 && [1/2] Building C object CMakeFiles\cmTC_6ec78.dir\SIZEOF_VOID_PTR.c.obj
[2/2] Linking C executable cmTC_6ec78.exe



